MIF/HEX Update report for Lab1Demo
Wed Dec 17 15:02:14 2025
Quartus Prime Version 17.0.0 Build 595 04/25/2017 SJ Lite Edition


---------------------
; Table of Contents ;
---------------------
  1. Legal Notice
  2. MIF/HEX Update Summary
  3. MIF/HEX Update Processed Files
  4. MIF/HEX Update Messages



----------------
; Legal Notice ;
----------------
Copyright (C) 2017  Intel Corporation. All rights reserved.
Your use of Intel Corporation's design tools, logic functions 
and other software and tools, and its AMPP partner logic 
functions, and any output files from any of the foregoing 
(including device programming or simulation files), and any 
associated documentation or information are expressly subject 
to the terms and conditions of the Intel Program License 
Subscription Agreement, the Intel Quartus Prime License Agreement,
the Intel MegaCore Function License Agreement, or other 
applicable license agreement, including, without limitation, 
that your use is for the sole purpose of programming logic 
devices manufactured by Intel and sold by Intel or its 
authorized distributors.  Please refer to the applicable 
agreement for further details.



+---------------------------------------------------------------+
; MIF/HEX Update Summary                                        ;
+-----------------------+---------------------------------------+
; MIF/HEX Update Status ; Successful - Wed Dec 17 15:02:14 2025 ;
; Revision Name         ; Lab1Demo                              ;
; Top-level Entity Name ; main                                  ;
; Family                ; Cyclone V                             ;
; Device                ; 5CSXFC6D6F31C6                        ;
+-----------------------+---------------------------------------+


+-----------------------------------------------------------------------------------------+
; MIF/HEX Update Processed Files                                                          ;
+-----------------------------------------------------------------------------------------+
; File Name                                                                               ;
+-----------------------------------------------------------------------------------------+
; C:/Users/Omer/Documents/GitHub/ECELab1-GoldMiner/GoldMiner_Local/MIF/Tileset640x480.mif ;
+-----------------------------------------------------------------------------------------+


+-------------------------+
; MIF/HEX Update Messages ;
+-------------------------+
Info: *******************************************************************
Info: Running Quartus Prime MIF/HEX Update
    Info: Version 17.0.0 Build 595 04/25/2017 SJ Lite Edition
    Info: Processing started: Wed Dec 17 15:02:09 2025
Info: Command: quartus_cdb Lab1Demo -c Lab1Demo --update_mif
Info (39024): Processed the following Memory Initialization File(s)
    Info (39025): Processed Memory Initialization File C:/Users/Omer/Documents/GitHub/ECELab1-GoldMiner/GoldMiner_Local/MIF/Tileset640x480.mif File: C:/Users/Omer/Documents/GitHub/ECELab1-GoldMiner/GoldMiner_Local/MIF/Tileset640x480.mif Line: 0
Info: Quartus Prime MIF/HEX Update was successful. 0 errors, 0 warnings
    Info: Peak virtual memory: 4969 megabytes
    Info: Processing ended: Wed Dec 17 15:02:14 2025
    Info: Elapsed time: 00:00:05
    Info: Total CPU time (on all processors): 00:00:04


