Info: Starting: Create block symbol file (.bsf)
Info: qsys-generate C:\Users\rotem\Documents\GitHub\ECELab1-GoldMiner\GoldMiner_Local\unsaved.qsys --block-symbol-file --output-directory=C:\Users\rotem\Documents\GitHub\ECELab1-GoldMiner\GoldMiner_Local\unsaved --family="Cyclone V" --part=5CSXFC6D6F31C6
Progress: Loading GoldMiner_Local/unsaved.qsys
Progress: Reading input file
Progress: Adding clk_0 [clock_source 17.0]
Progress: Parameterizing module clk_0
Progress: Adding master_0 [altera_jtag_avalon_master 17.0]
Progress: Parameterizing module master_0
Progress: Adding onchip_memory2_0 [altera_avalon_onchip_memory2 17.0]
Progress: Parameterizing module onchip_memory2_0
Progress: Building connections
Progress: Parameterizing connections
Progress: Validating
Progress: Done reading input file
Warning: unsaved.onchip_memory2_0: onchip_memory2_0.s2 must be connected to an Avalon-MM master
Info: qsys-generate succeeded.
Info: Finished: Create block symbol file (.bsf)
Info: 
Info: Starting: Create HDL design files for synthesis
Info: qsys-generate C:\Users\rotem\Documents\GitHub\ECELab1-GoldMiner\GoldMiner_Local\unsaved.qsys --synthesis=VERILOG --output-directory=C:\Users\rotem\Documents\GitHub\ECELab1-GoldMiner\GoldMiner_Local\unsaved\synthesis --family="Cyclone V" --part=5CSXFC6D6F31C6
Progress: Loading GoldMiner_Local/unsaved.qsys
Progress: Reading input file
Progress: Adding clk_0 [clock_source 17.0]
Progress: Parameterizing module clk_0
Progress: Adding master_0 [altera_jtag_avalon_master 17.0]
Progress: Parameterizing module master_0
Progress: Adding onchip_memory2_0 [altera_avalon_onchip_memory2 17.0]
Progress: Parameterizing module onchip_memory2_0
Progress: Building connections
Progress: Parameterizing connections
Progress: Validating
Progress: Done reading input file
Warning: unsaved.onchip_memory2_0: onchip_memory2_0.s2 must be connected to an Avalon-MM master
Info: unsaved: Generating unsaved "unsaved" for QUARTUS_SYNTH
Info: Interconnect is inserted between master master_0.master and slave onchip_memory2_0.s1 because the master has address signal 32 bit wide, but the slave is 10 bit wide.
Info: Interconnect is inserted between master master_0.master and slave onchip_memory2_0.s1 because the master has read signal 1 bit wide, but the slave is 0 bit wide.
Info: Interconnect is inserted between master master_0.master and slave onchip_memory2_0.s1 because the master has waitrequest signal 1 bit wide, but the slave is 0 bit wide.
Info: Interconnect is inserted between master master_0.master and slave onchip_memory2_0.s1 because the master has readdatavalid signal 1 bit wide, but the slave is 0 bit wide.
Info: master_0: "unsaved" instantiated altera_jtag_avalon_master "master_0"
Info: onchip_memory2_0: Starting RTL generation for module 'unsaved_onchip_memory2_0'
Info: onchip_memory2_0:   Generation command is [exec C:/intelfpga_lite/17.0/quartus/bin64/perl/bin/perl.exe -I C:/intelfpga_lite/17.0/quartus/bin64/perl/lib -I C:/intelfpga_lite/17.0/quartus/sopc_builder/bin/europa -I C:/intelfpga_lite/17.0/quartus/sopc_builder/bin/perl_lib -I C:/intelfpga_lite/17.0/quartus/sopc_builder/bin -I C:/intelfpga_lite/17.0/quartus/../ip/altera/sopc_builder_ip/common -I C:/intelfpga_lite/17.0/quartus/../ip/altera/sopc_builder_ip/altera_avalon_onchip_memory2 -- C:/intelfpga_lite/17.0/quartus/../ip/altera/sopc_builder_ip/altera_avalon_onchip_memory2/generate_rtl.pl --name=unsaved_onchip_memory2_0 --dir=C:/Users/rotem/AppData/Local/Temp/alt0456_992805770950684414.dir/0001_onchip_memory2_0_gen/ --quartus_dir=C:/intelfpga_lite/17.0/quartus --verilog --config=C:/Users/rotem/AppData/Local/Temp/alt0456_992805770950684414.dir/0001_onchip_memory2_0_gen//unsaved_onchip_memory2_0_component_configuration.pl  --do_build_sim=0  ]
Info: onchip_memory2_0: Done RTL generation for module 'unsaved_onchip_memory2_0'
Info: onchip_memory2_0: "unsaved" instantiated altera_avalon_onchip_memory2 "onchip_memory2_0"
Info: mm_interconnect_0: "unsaved" instantiated altera_mm_interconnect "mm_interconnect_0"
Info: rst_controller: "unsaved" instantiated altera_reset_controller "rst_controller"
Info: jtag_phy_embedded_in_jtag_master: "master_0" instantiated altera_jtag_dc_streaming "jtag_phy_embedded_in_jtag_master"
Info: timing_adt: "master_0" instantiated timing_adapter "timing_adt"
Info: fifo: "master_0" instantiated altera_avalon_sc_fifo "fifo"
Info: b2p: "master_0" instantiated altera_avalon_st_bytes_to_packets "b2p"
Info: p2b: "master_0" instantiated altera_avalon_st_packets_to_bytes "p2b"
Info: transacto: "master_0" instantiated altera_avalon_packets_to_master "transacto"
Info: b2p_adapter: "master_0" instantiated channel_adapter "b2p_adapter"
Info: p2b_adapter: "master_0" instantiated channel_adapter "p2b_adapter"
Info: master_0_master_translator: "mm_interconnect_0" instantiated altera_merlin_master_translator "master_0_master_translator"
Info: onchip_memory2_0_s1_translator: "mm_interconnect_0" instantiated altera_merlin_slave_translator "onchip_memory2_0_s1_translator"
Info: unsaved: Done "unsaved" with 15 modules, 28 files
Info: qsys-generate succeeded.
Info: Finished: Create HDL design files for synthesis
